This is pdfTeX, Version 3.1415926-2.5-1.40.14 (TeX Live 2013/Debian) (format=pdflatex 2014.8.6)  21 MAR 2015 10:59
entering extended mode
 restricted \write18 enabled.
 %&-line parsing enabled.
**empirical.tex
(./empirical.tex
LaTeX2e <2011/06/27>
Babel <3.9h> and hyphenation patterns for 4 languages loaded.
(/home/laurie/texmf/tex/latex/nrc/nrc1.cls
Document Class: nrc1 2013/02/02 v2.01a NRC single-column journal class
(/usr/share/texlive/texmf-dist/tex/latex/base/article.cls
Document Class: article 2007/10/19 v1.4h Standard LaTeX document class
(/usr/share/texlive/texmf-dist/tex/latex/base/fleqn.clo
File: fleqn.clo 1998/08/17 v1.1c Standard LaTeX option (flush left equations)
\mathindent=\dimen102
)
(/usr/share/texlive/texmf-dist/tex/latex/base/size10.clo
File: size10.clo 2007/10/19 v1.4h Standard LaTeX file (size option)
)
\c@part=\count79
\c@section=\count80
\c@subsection=\count81
\c@subsubsection=\count82
\c@paragraph=\count83
\c@subparagraph=\count84
\c@figure=\count85
\c@table=\count86
\abovecaptionskip=\skip41
\belowcaptionskip=\skip42
\bibindent=\dimen103
)

Class nrc1 Warning: No Babel french style detected -- 
(nrc1)              French sections of paper will not be correctly formatted.

\NRC@leftbox=\box26
\NRC@rightbox=\box27
\NRC@gather@toks=\toks14
\NRC@topcaptcounter=\count87
\captionwidth=\dimen104
) (/usr/share/texlive/texmf-dist/tex/latex/graphics/graphicx.sty
Package: graphicx 1999/02/16 v1.0f Enhanced LaTeX Graphics (DPC,SPQR)

(/usr/share/texlive/texmf-dist/tex/latex/graphics/keyval.sty
Package: keyval 1999/03/16 v1.13 key=value parser (DPC)
\KV@toks@=\toks15
)
(/usr/share/texlive/texmf-dist/tex/latex/graphics/graphics.sty
Package: graphics 2009/02/05 v1.0o Standard LaTeX Graphics (DPC,SPQR)

(/usr/share/texlive/texmf-dist/tex/latex/graphics/trig.sty
Package: trig 1999/03/16 v1.09 sin cos tan (DPC)
)
(/usr/share/texlive/texmf-dist/tex/latex/latexconfig/graphics.cfg
File: graphics.cfg 2010/04/23 v1.9 graphics configuration of TeX Live
)
Package graphics Info: Driver file: pdftex.def on input line 91.

(/usr/share/texlive/texmf-dist/tex/latex/pdftex-def/pdftex.def
File: pdftex.def 2011/05/27 v0.06d Graphics/color for pdfTeX

(/usr/share/texlive/texmf-dist/tex/generic/oberdiek/infwarerr.sty
Package: infwarerr 2010/04/08 v1.3 Providing info/warning/error messages (HO)
)
(/usr/share/texlive/texmf-dist/tex/generic/oberdiek/ltxcmds.sty
Package: ltxcmds 2011/11/09 v1.22 LaTeX kernel commands for general use (HO)
)
\Gread@gobject=\count88
))
\Gin@req@height=\dimen105
\Gin@req@width=\dimen106
)
(/usr/share/texlive/texmf-dist/tex/latex/rotating/rotating.sty
Package: rotating 2009/03/28 v2.16a rotated objects in LaTeX

(/usr/share/texlive/texmf-dist/tex/latex/base/ifthen.sty
Package: ifthen 2001/05/26 v1.1c Standard LaTeX ifthen package (DPC)
)
\c@r@tfl@t=\count89
\rotFPtop=\skip43
\rotFPbot=\skip44
\rot@float@box=\box28
\rot@mess@toks=\toks16
)
(/usr/share/texlive/texmf-dist/tex/latex/amsmath/amsmath.sty
Package: amsmath 2013/01/14 v2.14 AMS math features
\@mathmargin=\skip45

For additional information on amsmath, use the `?' option.
(/usr/share/texlive/texmf-dist/tex/latex/amsmath/amstext.sty
Package: amstext 2000/06/29 v2.01

(/usr/share/texlive/texmf-dist/tex/latex/amsmath/amsgen.sty
File: amsgen.sty 1999/11/30 v2.0
\@emptytoks=\toks17
\ex@=\dimen107
))
(/usr/share/texlive/texmf-dist/tex/latex/amsmath/amsbsy.sty
Package: amsbsy 1999/11/29 v1.2d
\pmbraise@=\dimen108
)
(/usr/share/texlive/texmf-dist/tex/latex/amsmath/amsopn.sty
Package: amsopn 1999/12/14 v2.01 operator names
)
\inf@bad=\count90
LaTeX Info: Redefining \frac on input line 210.
\uproot@=\count91
\leftroot@=\count92
LaTeX Info: Redefining \overline on input line 306.
\classnum@=\count93
\DOTSCASE@=\count94
LaTeX Info: Redefining \ldots on input line 378.
LaTeX Info: Redefining \dots on input line 381.
LaTeX Info: Redefining \cdots on input line 466.
\Mathstrutbox@=\box29
\strutbox@=\box30
\big@size=\dimen109
LaTeX Font Info:    Redeclaring font encoding OML on input line 566.
LaTeX Font Info:    Redeclaring font encoding OMS on input line 567.
\macc@depth=\count95
\c@MaxMatrixCols=\count96
\dotsspace@=\muskip10
\c@parentequation=\count97
\dspbrk@lvl=\count98
\tag@help=\toks18
\row@=\count99
\column@=\count100
\maxfields@=\count101
\andhelp@=\toks19
\eqnshift@=\dimen110
\alignsep@=\dimen111
\tagshift@=\dimen112
\tagwidth@=\dimen113
\totwidth@=\dimen114
\lineht@=\dimen115
\@envbody=\toks20
\multlinegap=\skip46
\multlinetaggap=\skip47
\mathdisplay@stack=\toks21
LaTeX Info: Redefining \[ on input line 2665.
LaTeX Info: Redefining \] on input line 2666.
)
(/usr/share/texlive/texmf-dist/tex/latex/natbib/natbib.sty
Package: natbib 2010/09/13 8.31b (PWD, AO)
\bibhang=\skip48
\bibsep=\skip49
LaTeX Info: Redefining \cite on input line 694.
\c@NAT@ctr=\count102
)
(/usr/share/texlive/texmf-dist/tex/generic/babel/babel.sty
Package: babel 2013/12/03 3.9h The Babel package


! Package babel Error: Unknown option `french'. Either you misspelled it
(babel)                or the language definition file french.ldf was not found
.

See the babel package documentation for explanation.
Type  H <return>  for immediate help.
 ...                                              
                                                  
l.296 \ProcessOptions*
                      
Valid options are: shorthands=, KeepShorthandsActive,
activeacute, activegrave, noconfigs, safe=, main=, math=
headfoot=, strings=, config=, hyphenmap=, or a language name.

(/usr/share/texlive/texmf-dist/tex/generic/babel-english/english.ldf
Language: english 2012/08/20 v3.3p English support from the babel system

(/usr/share/texlive/texmf-dist/tex/generic/babel/babel.def
File: babel.def 2013/12/03 3.9h Babel common definitions
\babel@savecnt=\count103
\U@D=\dimen116
)
\l@canadian = a dialect from \language\l@american 
\l@australian = a dialect from \language\l@british 
\l@newzealand = a dialect from \language\l@british 
))

Class nrc1 Warning: Journal "" not recognised on input line 133.


Class nrc1 Warning: Journal code  not recognised on input line 134.

(./empirical.aux)
\openout1 = `empirical.aux'.

LaTeX Font Info:    Checking defaults for OML/cmm/m/it on input line 170.
LaTeX Font Info:    ... okay on input line 170.
LaTeX Font Info:    Checking defaults for T1/cmr/m/n on input line 170.
LaTeX Font Info:    ... okay on input line 170.
LaTeX Font Info:    Checking defaults for OT1/cmr/m/n on input line 170.
LaTeX Font Info:    ... okay on input line 170.
LaTeX Font Info:    Checking defaults for OMS/cmsy/m/n on input line 170.
LaTeX Font Info:    ... okay on input line 170.
LaTeX Font Info:    Checking defaults for OMX/cmex/m/n on input line 170.
LaTeX Font Info:    ... okay on input line 170.
LaTeX Font Info:    Checking defaults for U/cmr/m/n on input line 170.
LaTeX Font Info:    ... okay on input line 170.
LaTeX Font Info:    Try loading font information for OT1+ptm on input line 170.

 (/usr/share/texlive/texmf-dist/tex/latex/psnfss/ot1ptm.fd
File: ot1ptm.fd 2001/06/04 font definitions for OT1/ptm.
)
LaTeX Font Info:    Try loading font information for OT1+phv on input line 170.


(/usr/share/texlive/texmf-dist/tex/latex/psnfss/ot1phv.fd
File: ot1phv.fd 2001/06/04 scalable font definitions for OT1/phv.
)
(/usr/share/texlive/texmf-dist/tex/context/base/supp-pdf.mkii
[Loading MPS to PDF converter (version 2006.09.02).]
\scratchcounter=\count104
\scratchdimen=\dimen117
\scratchbox=\box31
\nofMPsegments=\count105
\nofMParguments=\count106
\everyMPshowfont=\toks22
\MPscratchCnt=\count107
\MPscratchDim=\dimen118
\MPnumerator=\count108
\makeMPintoPDFobject=\count109
\everyMPtoPDFconversion=\toks23
) (/usr/share/texlive/texmf-dist/tex/generic/oberdiek/pdftexcmds.sty
Package: pdftexcmds 2011/11/29 v0.20 Utility functions of pdfTeX for LuaTeX (HO
)

(/usr/share/texlive/texmf-dist/tex/generic/oberdiek/ifluatex.sty
Package: ifluatex 2010/03/01 v1.3 Provides the ifluatex switch (HO)
Package ifluatex Info: LuaTeX not detected.
)
(/usr/share/texlive/texmf-dist/tex/generic/oberdiek/ifpdf.sty
Package: ifpdf 2011/01/30 v2.3 Provides the ifpdf switch (HO)
Package ifpdf Info: pdfTeX in PDF mode is detected.
)
Package pdftexcmds Info: LuaTeX not detected.
Package pdftexcmds Info: \pdf@primitive is available.
Package pdftexcmds Info: \pdf@ifprimitive is available.
Package pdftexcmds Info: \pdfdraftmode found.
)
(/usr/share/texlive/texmf-dist/tex/latex/oberdiek/epstopdf-base.sty
Package: epstopdf-base 2010/02/09 v2.5 Base part for package epstopdf

(/usr/share/texlive/texmf-dist/tex/latex/oberdiek/grfext.sty
Package: grfext 2010/08/19 v1.1 Manage graphics extensions (HO)

(/usr/share/texlive/texmf-dist/tex/generic/oberdiek/kvdefinekeys.sty
Package: kvdefinekeys 2011/04/07 v1.3 Define keys (HO)
))
(/usr/share/texlive/texmf-dist/tex/latex/oberdiek/kvoptions.sty
Package: kvoptions 2011/06/30 v3.11 Key value format for package options (HO)

(/usr/share/texlive/texmf-dist/tex/generic/oberdiek/kvsetkeys.sty
Package: kvsetkeys 2012/04/25 v1.16 Key value parser (HO)

(/usr/share/texlive/texmf-dist/tex/generic/oberdiek/etexcmds.sty
Package: etexcmds 2011/02/16 v1.5 Avoid name clashes with e-TeX commands (HO)
Package etexcmds Info: Could not find \expanded.
(etexcmds)             That can mean that you are not using pdfTeX 1.50 or
(etexcmds)             that some package has redefined \expanded.
(etexcmds)             In the latter case, load this package earlier.
)))
Package grfext Info: Graphics extension search list:
(grfext)             [.png,.pdf,.jpg,.mps,.jpeg,.jbig2,.jb2,.PNG,.PDF,.JPG,.JPE
G,.JBIG2,.JB2,.eps]
(grfext)             \AppendGraphicsExtensions on input line 452.

(/usr/share/texlive/texmf-dist/tex/latex/latexconfig/epstopdf-sys.cfg
File: epstopdf-sys.cfg 2010/07/13 v1.3 Configuration of (r)epstopdf for TeX Liv
e
))
LaTeX Font Info:    Font shape `OT1/ptm/bx/n' in size <9> not available
(Font)              Font shape `OT1/ptm/b/n' tried instead on input line 204.
LaTeX Font Info:    Font shape `OT1/phv/c/n' in size <18> not available
(Font)              Font shape `OT1/phv/b/n' tried instead on input line 209.
LaTeX Font Info:    Font shape `OT1/phv/c/n' in size <11> not available
(Font)              Font shape `OT1/phv/b/n' tried instead on input line 209.
LaTeX Font Info:    Font shape `OT1/ptm/bx/n' in size <10> not available
(Font)              Font shape `OT1/ptm/b/n' tried instead on input line 213.


Package natbib Warning: Citation `garcia1996precautionary' on page 1 undefined 
on input line 213.


Package natbib Warning: Citation `kirkwood1995assessing' on page 1 undefined on
 input line 213.


Package natbib Warning: Citation `fromentin2014spectre' on page 1 undefined on 
input line 215.


Package natbib Warning: Citation `hillson2011risk' on page 1 undefined on input
 line 215.


Package natbib Warning: Citation `punt2008refocusing' on page 1 undefined on in
put line 219.


Package natbib Warning: Citation `radatz1990ieee' on page 1 undefined on input 
line 219.


Package natbib Warning: Citation `zhou1996robust' on page 1 undefined on input 
line 219.


Package natbib Warning: Citation `geromont2014generic' on page 1 undefined on i
nput line 221.


Package natbib Warning: Citation `kell2006operational' on page 1 undefined on i
nput line 221.

LaTeX Font Info:    Font shape `OT1/phv/l/n' in size <9> not available
(Font)              Font shape `OT1/phv/m/n' tried instead on input line 222.
LaTeX Font Info:    Font shape `OT1/ptm/bx/n' in size <8> not available
(Font)              Font shape `OT1/ptm/b/n' tried instead on input line 222.
[1{/var/lib/texmf/fonts/map/pdftex/updmap/pdftex.map}

]

Package natbib Warning: Citation `fromentin2014spectre' on page 2 undefined on 
input line 223.


Package natbib Warning: Citation `maunder2003time' on page 2 undefined on input
 line 225.


Package natbib Warning: Citation `ludwig1985age' on page 2 undefined on input l
ine 225.


Package natbib Warning: Citation `butterworth1999experiences' on page 2 undefin
ed on input line 225.


Package natbib Warning: Citation `smith2005harvest' on page 2 undefined on inpu
t line 231.


Package natbib Warning: Citation `smith2008experience' on page 2 undefined on i
nput line 231.


Package natbib Warning: Citation `prager1994suite' on page 2 undefined on input
 line 231.


Package natbib Warning: Citation `mcallister2000application' on page 2 undefine
d on input line 231.


Package natbib Warning: Citation `fromentin2014spectre' on page 2 undefined on 
input line 233.


Package natbib Warning: Citation `waples2006invited' on page 2 undefined on inp
ut line 237.


Package natbib Warning: Citation `punt2007developing' on page 2 undefined on in
put line 241.


LaTeX Font Warning: Font shape `OT1/cmtt/l/n' undefined
(Font)              using `OT1/cmtt/m/n' instead on input line 248.


LaTeX Font Warning: Font shape `OT1/cmtt/l/it' undefined
(Font)              using `OT1/cmtt/l/n' instead on input line 248.

[2]

Package natbib Warning: Citation `ramaprasad1983definition' on page 3 undefined
 on input line 248.

LaTeX Font Info:    Font shape `OT1/ptm/bx/it' in size <10> not available
(Font)              Font shape `OT1/ptm/b/it' tried instead on input line 252.

Package natbib Warning: Citation `iccat2007basictext' on page 3 undefined on in
put line 254.


Package natbib Warning: Citation `un1995straddling' on page 3 undefined on inpu
t line 254.


Package natbib Warning: Citation `iccat2007swgsm' on page 3 undefined on input 
line 254.


Package natbib Warning: Citation `de2012precautionary' on page 3 undefined on i
nput line 256.


Package natbib Warning: Citation `iccat2007swgsm' on page 3 undefined on input 
line 260.


Package natbib Warning: Citation `kell2005flat' on page 3 undefined on input li
ne 260.


Package natbib Warning: Citation `kell2005round' on page 3 undefined on input l
ine 260.


Package natbib Warning: Citation `R' on page 3 undefined on input line 270.


Package natbib Warning: Citation `morgan1990uncertainty' on page 3 undefined on
 input line 275.


Package natbib Warning: Citation `leach2014elicit' on page 3 undefined on input
 line 275.


Package natbib Warning: Citation `santiago2005integrated' on page 3 undefined o
n input line 275.


Package natbib Warning: Citation `santiago2004dinamica' on page 3 undefined on 
input line 275.


Package natbib Warning: Citation `gislason2010does' on page 3 undefined on inpu
t line 275.

[3]

Package natbib Warning: Citation `blueweiss1978relationships' on page 4 undefin
ed on input line 277.


Package natbib Warning: Citation `gislason2010does' on page 4 undefined on inpu
t line 277.


Package natbib Warning: Citation `leach2014elicit' on page 4 undefined on input
 line 279.


Package natbib Warning: Citation `santiago2005integrated' on page 4 undefined o
n input line 281.


Package natbib Warning: Citation `santiago2004dinamica' on page 4 undefined on 
input line 281.


Package natbib Warning: Citation `gislason2010does' on page 4 undefined on inpu
t line 281.


Package natbib Warning: Citation `hamel2014method' on page 4 undefined on input
 line 281.


Package natbib Warning: Citation `lorenzen2002density' on page 4 undefined on i
nput line 281.


Package natbib Warning: Citation `chen1989age' on page 4 undefined on input lin
e 281.


Package natbib Warning: Citation `powers2014age' on page 4 undefined on input l
ine 283.


Package natbib Warning: Citation `szuwalski2014examining' on page 4 undefined o
n input line 283.


Package natbib Warning: Citation `ravier2001longterm' on page 4 undefined on in
put line 283.


Package natbib Warning: Citation `beverton1993dynamics' on page 4 undefined on 
input line 285.


Package natbib Warning: Citation `cushing1973dependence' on page 4 undefined on
 input line 285.


Package natbib Warning: Citation `issf2011steep' on page 4 undefined on input l
ine 285.


LaTeX Warning: Reference `fig:hcr' on page 4 undefined on input line 291.


Package natbib Warning: Citation `vonbert1957quantitative' on page 4 undefined 
on input line 296.


Underfull \vbox (badness 10000) has occurred while \output is active []

 [4]

Package natbib Warning: Citation `santiago2004dinamica' on page 5 undefined on 
input line 307.


Package natbib Warning: Citation `williams2003implications' on page 5 undefined
 on input line 307.


Package natbib Warning: Citation `beverton1992patterns' on page 5 undefined on 
input line 309.


Package natbib Warning: Citation `lorenzen2002density' on page 5 undefined on i
nput line 321.


Package natbib Warning: Citation `chen1989age' on page 5 undefined on input lin
e 321.


Underfull \hbox (badness 10000) in paragraph at lines 342--343

 []


Underfull \hbox (badness 10000) in paragraph at lines 344--345

 []


Underfull \hbox (badness 10000) in paragraph at lines 346--347

 []


Underfull \hbox (badness 10000) in paragraph at lines 348--350

 []


Package natbib Warning: Citation `hilborn2000documentation' on page 5 undefined
 on input line 351.


Package natbib Warning: Citation `cushing1973dependence' on page 5 undefined on
 input line 360.


Package natbib Warning: Citation `beverton1993dynamics' on page 5 undefined on 
input line 363.

[5]

LaTeX Warning: Reference `tab:om' on page 6 undefined on input line 369.


Package natbib Warning: Citation `hillary2013sbthcr' on page 6 undefined on inp
ut line 374.


LaTeX Warning: Reference `tab1' on page 6 undefined on input line 390.


! Package amsmath Error: Erroneous nesting of equation structures;
(amsmath)                trying to recover with `aligned'.

See the amsmath package documentation for explanation.
Type  H <return>  for immediate help.
 ...                                              
                                                  
l.400  \end{align*}
                   
Try typing  <return>  to proceed.
If that doesn't work, type  X <return>  to quit.


! Package amsmath Error: Erroneous nesting of equation structures;
(amsmath)                trying to recover with `aligned'.

See the amsmath package documentation for explanation.
Type  H <return>  for immediate help.
 ...                                              
                                                  
l.414         \end{align*}
                          
Try typing  <return>  to proceed.
If that doesn't work, type  X <return>  to quit.

[6]

LaTeX Warning: Reference `tab2' on page 7 undefined on input line 429.

[7] [8]
No file empirical.bbl.
[9

]
LaTeX Font Info:    Font shape `OT1/ptm/bx/n' in size <5> not available
(Font)              Font shape `OT1/ptm/b/n' tried instead on input line 475.
 [10

] [11

]

Package natbib Warning: There were undefined citations.

(./empirical.aux)

LaTeX Font Warning: Some font shapes were not available, defaults substituted.


LaTeX Warning: There were undefined references.

 ) 
Here is how much of TeX's memory you used:
 3508 strings out of 494985
 46534 string characters out of 6180357
 116262 words of memory out of 5000000
 6659 multiletter control sequences out of 15000+600000
 30345 words of font info for 56 fonts, out of 8000000 for 9000
 36 hyphenation exceptions out of 8191
 38i,19n,32p,1187b,347s stack positions out of 5000i,500n,10000p,200000b,80000s
{/usr/share/texlive/texmf-dist/fonts/enc/dvips/base/8r.enc}</usr/share/texliv
e/texmf-dist/fonts/type1/public/amsfonts/cm/cmex10.pfb></usr/share/texlive/texm
f-dist/fonts/type1/public/amsfonts/cmextra/cmex7.pfb></usr/share/texlive/texmf-
dist/fonts/type1/public/amsfonts/cm/cmitt10.pfb></usr/share/texlive/texmf-dist/
fonts/type1/public/amsfonts/cm/cmmi10.pfb></usr/share/texlive/texmf-dist/fonts/
type1/public/amsfonts/cm/cmmi5.pfb></usr/share/texlive/texmf-dist/fonts/type1/p
ublic/amsfonts/cm/cmmi7.pfb></usr/share/texlive/texmf-dist/fonts/type1/public/a
msfonts/cm/cmmi9.pfb></usr/share/texlive/texmf-dist/fonts/type1/public/amsfonts
/cm/cmr10.pfb></usr/share/texlive/texmf-dist/fonts/type1/public/amsfonts/cm/cmr
5.pfb></usr/share/texlive/texmf-dist/fonts/type1/public/amsfonts/cm/cmr7.pfb></
usr/share/texlive/texmf-dist/fonts/type1/public/amsfonts/cm/cmsy10.pfb></usr/sh
are/texlive/texmf-dist/fonts/type1/public/amsfonts/cm/cmsy5.pfb></usr/share/tex
live/texmf-dist/fonts/type1/public/amsfonts/cm/cmsy7.pfb></usr/share/texlive/te
xmf-dist/fonts/type1/public/amsfonts/cm/cmsy9.pfb></usr/share/texlive/texmf-dis
t/fonts/type1/public/amsfonts/cm/cmtt9.pfb></usr/share/texlive/texmf-dist/fonts
/type1/urw/helvetic/uhvb8a.pfb></usr/share/texlive/texmf-dist/fonts/type1/urw/h
elvetic/uhvr8a.pfb></usr/share/texlive/texmf-dist/fonts/type1/urw/times/utmb8a.
pfb></usr/share/texlive/texmf-dist/fonts/type1/urw/times/utmbi8a.pfb></usr/shar
e/texlive/texmf-dist/fonts/type1/urw/times/utmr8a.pfb></usr/share/texlive/texmf
-dist/fonts/type1/urw/times/utmri8a.pfb>
Output written on empirical.pdf (11 pages, 226916 bytes).
PDF statistics:
 125 PDF objects out of 1000 (max. 8388607)
 90 compressed objects within 1 object stream
 0 named destinations out of 1000 (max. 500000)
 1 words of extra memory for PDF output out of 10000 (max. 10000000)

